<?xml version="1.0" encoding="UTF-8"?>
<!-- Generated by org.testng.reporters.JUnitReportReporter -->
<testsuite skipped="0" hostname="OLEG" name="testClasses.TesrClassA" tests="1" failures="0" timestamp="17 Mar 2019 15:38:43 GMT" time="0.141" errors="0">
  <testcase name="tesTest" time="0.141" classname="testClasses.TesrClassA"/>
</testsuite> <!-- testClasses.TesrClassA -->
